<?xml version="1.0" encoding="UTF-8"?>
<coverage generated="1489297235766" clover="3.2.0">
  <project timestamp="1489297235766" name="All files">
    <metrics statements="24" coveredstatements="12" conditionals="0" coveredconditionals="0" methods="17" coveredmethods="10" elements="41" coveredelements="22" complexity="0" loc="24" ncloc="24" packages="1" files="3" classes="3">
      <file name="App.jsx" path="/home/universalmind/hratxFiles/greenfield/client/source/components/App.jsx">
        <metrics statements="19" coveredstatements="9" conditionals="0" coveredconditionals="0" methods="12" coveredmethods="7"/>
        <line num="5" count="9" type="stmt"/>
        <line num="7" count="9" type="stmt"/>
        <line num="12" count="9" type="stmt"/>
        <line num="16" count="1" type="stmt"/>
        <line num="17" count="0" type="stmt"/>
        <line num="18" count="0" type="stmt"/>
        <line num="19" count="0" type="stmt"/>
        <line num="20" count="0" type="stmt"/>
        <line num="24" count="0" type="stmt"/>
        <line num="25" count="0" type="stmt"/>
        <line num="29" count="0" type="stmt"/>
        <line num="30" count="0" type="stmt"/>
        <line num="34" count="0" type="stmt"/>
        <line num="46" count="13" type="stmt"/>
        <line num="63" count="8" type="stmt"/>
        <line num="67" count="8" type="stmt"/>
        <line num="80" count="8" type="stmt"/>
        <line num="87" count="8" type="stmt"/>
        <line num="90" count="0" type="stmt"/>
      </file>
      <file name="Header.jsx" path="/home/universalmind/hratxFiles/greenfield/client/source/components/Header.jsx">
        <metrics statements="2" coveredstatements="0" conditionals="0" coveredconditionals="0" methods="2" coveredmethods="0"/>
        <line num="4" count="0" type="stmt"/>
        <line num="8" count="0" type="stmt"/>
      </file>
      <file name="ListItem.jsx" path="/home/universalmind/hratxFiles/greenfield/client/source/components/ListItem.jsx">
        <metrics statements="3" coveredstatements="3" conditionals="0" coveredconditionals="0" methods="3" coveredmethods="3"/>
        <line num="6" count="1" type="stmt"/>
        <line num="10" count="1" type="stmt"/>
        <line num="13" count="2" type="stmt"/>
      </file>
    </metrics>
  </project>
</coverage>
