{"/home/universalmind/hratxFiles/greenfield/client/source/components/App.jsx": {"path":"/home/universalmind/hratxFiles/greenfield/client/source/components/App.jsx","statementMap":{"0":{"start":{"line":5,"column":3},"end":{"line":5,"column":15}},"1":{"start":{"line":7,"column":3},"end":{"line":11,"column":4}},"2":{"start":{"line":12,"column":3},"end":{"line":12,"column":52}},"3":{"start":{"line":16,"column":2},"end":{"line":16,"column":70}},"4":{"start":{"line":17,"column":2},"end":{"line":17,"column":52}},"5":{"start":{"line":18,"column":2},"end":{"line":18,"column":31}},"6":{"start":{"line":19,"column":2},"end":{"line":19,"column":32}},"7":{"start":{"line":20,"column":2},"end":{"line":20,"column":25}},"8":{"start":{"line":24,"column":17},"end":{"line":24,"column":40}},"9":{"start":{"line":25,"column":2},"end":{"line":25,"column":34}},"10":{"start":{"line":29,"column":12},"end":{"line":29,"column":35}},"11":{"start":{"line":30,"column":2},"end":{"line":33,"column":4}},"12":{"start":{"line":34,"column":2},"end":{"line":34,"column":29}},"13":{"start":{"line":46,"column":4},"end":{"line":57,"column":5}},"14":{"start":{"line":63,"column":3},"end":{"line":63,"column":15}},"15":{"start":{"line":67,"column":2},"end":{"line":74,"column":3}},"16":{"start":{"line":80,"column":3},"end":{"line":80,"column":15}},"17":{"start":{"line":87,"column":2},"end":{"line":93,"column":3}},"18":{"start":{"line":90,"column":5},"end":{"line":90,"column":69}}},"fnMap":{"0":{"name":"(anonymous_0)","decl":{"start":{"line":4,"column":1},"end":{"line":4,"column":2}},"loc":{"start":{"line":4,"column":19},"end":{"line":13,"column":2}}},"1":{"name":"(anonymous_1)","decl":{"start":{"line":15,"column":1},"end":{"line":15,"column":2}},"loc":{"start":{"line":15,"column":21},"end":{"line":21,"column":2}}},"2":{"name":"(anonymous_2)","decl":{"start":{"line":23,"column":1},"end":{"line":23,"column":2}},"loc":{"start":{"line":23,"column":20},"end":{"line":26,"column":2}}},"3":{"name":"(anonymous_3)","decl":{"start":{"line":28,"column":1},"end":{"line":28,"column":2}},"loc":{"start":{"line":28,"column":26},"end":{"line":35,"column":2}}},"4":{"name":"(anonymous_4)","decl":{"start":{"line":37,"column":1},"end":{"line":37,"column":2}},"loc":{"start":{"line":37,"column":18},"end":{"line":39,"column":2}}},"5":{"name":"(anonymous_5)","decl":{"start":{"line":41,"column":1},"end":{"line":41,"column":2}},"loc":{"start":{"line":41,"column":14},"end":{"line":43,"column":2}}},"6":{"name":"(anonymous_6)","decl":{"start":{"line":45,"column":2},"end":{"line":45,"column":3}},"loc":{"start":{"line":45,"column":11},"end":{"line":58,"column":3}}},"7":{"name":"(anonymous_7)","decl":{"start":{"line":62,"column":1},"end":{"line":62,"column":2}},"loc":{"start":{"line":62,"column":19},"end":{"line":64,"column":2}}},"8":{"name":"(anonymous_8)","decl":{"start":{"line":66,"column":1},"end":{"line":66,"column":2}},"loc":{"start":{"line":66,"column":10},"end":{"line":75,"column":2}}},"9":{"name":"(anonymous_9)","decl":{"start":{"line":79,"column":1},"end":{"line":79,"column":2}},"loc":{"start":{"line":79,"column":19},"end":{"line":81,"column":2}}},"10":{"name":"(anonymous_10)","decl":{"start":{"line":86,"column":1},"end":{"line":86,"column":2}},"loc":{"start":{"line":86,"column":10},"end":{"line":94,"column":2}}},"11":{"name":"(anonymous_11)","decl":{"start":{"line":89,"column":25},"end":{"line":89,"column":26}},"loc":{"start":{"line":89,"column":40},"end":{"line":91,"column":5}}}},"branchMap":{},"s":{"0":9,"1":9,"2":9,"3":1,"4":0,"5":0,"6":0,"7":0,"8":0,"9":0,"10":0,"11":0,"12":0,"13":13,"14":8,"15":8,"16":8,"17":8,"18":0},"f":{"0":9,"1":1,"2":0,"3":0,"4":0,"5":0,"6":13,"7":8,"8":8,"9":8,"10":8,"11":0},"b":{},"_coverageSchema":"332fd63041d2c1bcb487cc26dd0d5f7d97098a6c","hash":"c895ce996a5824bc5d50413a959823e99ac0d0a0"}
,"/home/universalmind/hratxFiles/greenfield/client/source/components/Header.jsx": {"path":"/home/universalmind/hratxFiles/greenfield/client/source/components/Header.jsx","statementMap":{"0":{"start":{"line":4,"column":4},"end":{"line":4,"column":16}},"1":{"start":{"line":8,"column":4},"end":{"line":15,"column":5}}},"fnMap":{"0":{"name":"(anonymous_0)","decl":{"start":{"line":3,"column":2},"end":{"line":3,"column":3}},"loc":{"start":{"line":3,"column":20},"end":{"line":5,"column":3}}},"1":{"name":"(anonymous_1)","decl":{"start":{"line":7,"column":2},"end":{"line":7,"column":3}},"loc":{"start":{"line":7,"column":11},"end":{"line":16,"column":3}}}},"branchMap":{},"s":{"0":0,"1":0},"f":{"0":0,"1":0},"b":{},"_coverageSchema":"332fd63041d2c1bcb487cc26dd0d5f7d97098a6c","hash":"f0d38bc6e24edfc41ba5a21c3e1d780cb273c7cc"}
,"/home/universalmind/hratxFiles/greenfield/client/source/components/ListItem.jsx": {"path":"/home/universalmind/hratxFiles/greenfield/client/source/components/ListItem.jsx","statementMap":{"0":{"start":{"line":6,"column":4},"end":{"line":6,"column":16}},"1":{"start":{"line":10,"column":4},"end":{"line":16,"column":5}},"2":{"start":{"line":13,"column":10},"end":{"line":13,"column":74}}},"fnMap":{"0":{"name":"(anonymous_0)","decl":{"start":{"line":5,"column":2},"end":{"line":5,"column":3}},"loc":{"start":{"line":5,"column":20},"end":{"line":7,"column":3}}},"1":{"name":"(anonymous_1)","decl":{"start":{"line":9,"column":2},"end":{"line":9,"column":3}},"loc":{"start":{"line":9,"column":11},"end":{"line":17,"column":3}}},"2":{"name":"(anonymous_2)","decl":{"start":{"line":12,"column":29},"end":{"line":12,"column":30}},"loc":{"start":{"line":12,"column":44},"end":{"line":14,"column":9}}}},"branchMap":{},"s":{"0":1,"1":1,"2":2},"f":{"0":1,"1":1,"2":2},"b":{},"_coverageSchema":"332fd63041d2c1bcb487cc26dd0d5f7d97098a6c","hash":"8936dd30b3bf83cc46a4107a212e61f7872f1bfc"}
}
