TN:
SF:/home/universalmind/hratxFiles/greenfield/client/source/components/App.jsx
FN:4,(anonymous_0)
FN:15,(anonymous_1)
FN:23,(anonymous_2)
FN:28,(anonymous_3)
FN:37,(anonymous_4)
FN:41,(anonymous_5)
FN:45,(anonymous_6)
FN:62,(anonymous_7)
FN:66,(anonymous_8)
FN:79,(anonymous_9)
FN:86,(anonymous_10)
FN:89,(anonymous_11)
FNF:12
FNH:7
FNDA:9,(anonymous_0)
FNDA:1,(anonymous_1)
FNDA:0,(anonymous_2)
FNDA:0,(anonymous_3)
FNDA:0,(anonymous_4)
FNDA:0,(anonymous_5)
FNDA:13,(anonymous_6)
FNDA:8,(anonymous_7)
FNDA:8,(anonymous_8)
FNDA:8,(anonymous_9)
FNDA:8,(anonymous_10)
FNDA:0,(anonymous_11)
DA:5,9
DA:7,9
DA:12,9
DA:16,1
DA:17,0
DA:18,0
DA:19,0
DA:20,0
DA:24,0
DA:25,0
DA:29,0
DA:30,0
DA:34,0
DA:46,13
DA:63,8
DA:67,8
DA:80,8
DA:87,8
DA:90,0
LF:19
LH:9
BRF:0
BRH:0
end_of_record
TN:
SF:/home/universalmind/hratxFiles/greenfield/client/source/components/Header.jsx
FN:3,(anonymous_0)
FN:7,(anonymous_1)
FNF:2
FNH:0
FNDA:0,(anonymous_0)
FNDA:0,(anonymous_1)
DA:4,0
DA:8,0
LF:2
LH:0
BRF:0
BRH:0
end_of_record
TN:
SF:/home/universalmind/hratxFiles/greenfield/client/source/components/ListItem.jsx
FN:5,(anonymous_0)
FN:9,(anonymous_1)
FN:12,(anonymous_2)
FNF:3
FNH:3
FNDA:1,(anonymous_0)
FNDA:1,(anonymous_1)
FNDA:2,(anonymous_2)
DA:6,1
DA:10,1
DA:13,2
LF:3
LH:3
BRF:0
BRH:0
end_of_record
